0 info it worked if it ends with ok
1 verbose cli [ '/Users/justins/.nvm/versions/node/v4.7.2/bin/node',
1 verbose cli   '/Users/justins/.nvm/versions/node/v4.7.2/bin/npm',
1 verbose cli   'install',
1 verbose cli   'angular-toArray',
1 verbose cli   '--save' ]
2 info using npm@2.15.11
3 info using node@v4.7.2
4 verbose install initial load of /Users/justins/Documents/Projects/PoolApp/package.json
5 warn package.json PoolApp@ No repository field.
6 warn package.json PoolApp@ No README data
7 warn package.json PoolApp@ No license field.
8 verbose installManyTop reading scoped package data from /Users/justins/Documents/Projects/PoolApp/node_modules/angular/package.json
9 verbose installManyTop reading scoped package data from /Users/justins/Documents/Projects/PoolApp/node_modules/angular-cookies/package.json
10 verbose installManyTop reading scoped package data from /Users/justins/Documents/Projects/PoolApp/node_modules/angular-filter/package.json
11 verbose installManyTop reading scoped package data from /Users/justins/Documents/Projects/PoolApp/node_modules/async/package.json
12 verbose installManyTop reading scoped package data from /Users/justins/Documents/Projects/PoolApp/node_modules/bcrypt-nodejs/package.json
13 verbose installManyTop reading scoped package data from /Users/justins/Documents/Projects/PoolApp/node_modules/body-parser/package.json
14 verbose installManyTop reading scoped package data from /Users/justins/Documents/Projects/PoolApp/node_modules/connect-timeout/package.json
15 verbose installManyTop reading scoped package data from /Users/justins/Documents/Projects/PoolApp/node_modules/ejs/package.json
16 verbose installManyTop reading scoped package data from /Users/justins/Documents/Projects/PoolApp/node_modules/express/package.json
17 verbose installManyTop reading scoped package data from /Users/justins/Documents/Projects/PoolApp/node_modules/express-session/package.json
18 verbose installManyTop reading scoped package data from /Users/justins/Documents/Projects/PoolApp/node_modules/grunt/package.json
19 verbose installManyTop reading scoped package data from /Users/justins/Documents/Projects/PoolApp/node_modules/grunt-contrib-copy/package.json
20 verbose installManyTop reading scoped package data from /Users/justins/Documents/Projects/PoolApp/node_modules/handlebars/package.json
21 verbose installManyTop reading scoped package data from /Users/justins/Documents/Projects/PoolApp/node_modules/jquery/package.json
22 verbose installManyTop reading scoped package data from /Users/justins/Documents/Projects/PoolApp/node_modules/node-cache/package.json
23 verbose installManyTop reading scoped package data from /Users/justins/Documents/Projects/PoolApp/node_modules/node-stream-zip/package.json
24 verbose installManyTop reading scoped package data from /Users/justins/Documents/Projects/PoolApp/node_modules/passport/package.json
25 verbose installManyTop reading scoped package data from /Users/justins/Documents/Projects/PoolApp/node_modules/passport-http/package.json
26 verbose installManyTop reading scoped package data from /Users/justins/Documents/Projects/PoolApp/node_modules/passport-http-bearer/package.json
27 verbose installManyTop reading scoped package data from /Users/justins/Documents/Projects/PoolApp/node_modules/request/package.json
28 verbose installManyTop reading scoped package data from /Users/justins/Documents/Projects/PoolApp/node_modules/sqlite3/package.json
29 info package.json passport-http-bearer@1.0.1 No license field.
30 info package.json passport-http@0.3.0 No license field.
31 info package.json bcrypt-nodejs@0.0.3 No license field.
32 verbose readDependencies loading dependencies from /Users/justins/Documents/Projects/PoolApp/package.json
33 silly cache add args [ 'angular-toArray', null ]
34 verbose cache add spec angular-toArray
35 silly cache add parsed spec Result {
35 silly cache add   raw: 'angular-toArray',
35 silly cache add   scope: null,
35 silly cache add   name: 'angular-toArray',
35 silly cache add   rawSpec: '',
35 silly cache add   spec: 'latest',
35 silly cache add   type: 'tag' }
36 silly addNamed angular-toArray@latest
37 verbose addNamed "latest" is being treated as a dist-tag for angular-toArray
38 info addNameTag [ 'angular-toArray', 'latest' ]
39 silly mapToRegistry name angular-toArray
40 silly mapToRegistry using default registry
41 silly mapToRegistry registry https://registry.npmjs.org/
42 silly mapToRegistry data Result {
42 silly mapToRegistry   raw: 'angular-toArray',
42 silly mapToRegistry   scope: null,
42 silly mapToRegistry   name: 'angular-toArray',
42 silly mapToRegistry   rawSpec: '',
42 silly mapToRegistry   spec: 'latest',
42 silly mapToRegistry   type: 'tag' }
43 silly mapToRegistry uri https://registry.npmjs.org/angular-toArray
44 verbose addNameTag registry:https://registry.npmjs.org/angular-toArray not in flight; fetching
45 verbose request uri https://registry.npmjs.org/angular-toArray
46 verbose request no auth needed
47 info attempt registry request try #1 at 10:47:09 AM
48 verbose request id 67fa5299f65e35f0
49 http request GET https://registry.npmjs.org/angular-toArray
50 http 404 https://registry.npmjs.org/angular-toArray
51 verbose headers { 'content-type': 'application/json',
51 verbose headers   'cache-control': 'max-age=0',
51 verbose headers   'content-length': '2',
51 verbose headers   'accept-ranges': 'bytes',
51 verbose headers   date: 'Tue, 19 Dec 2017 15:47:10 GMT',
51 verbose headers   via: '1.1 varnish',
51 verbose headers   connection: 'keep-alive',
51 verbose headers   'x-served-by': 'cache-iad2121-IAD',
51 verbose headers   'x-cache': 'MISS',
51 verbose headers   'x-cache-hits': '0',
51 verbose headers   'x-timer': 'S1513698429.399691,VS0,VE1259',
51 verbose headers   vary: 'Accept-Encoding' }
52 silly get cb [ 404,
52 silly get   { 'content-type': 'application/json',
52 silly get     'cache-control': 'max-age=0',
52 silly get     'content-length': '2',
52 silly get     'accept-ranges': 'bytes',
52 silly get     date: 'Tue, 19 Dec 2017 15:47:10 GMT',
52 silly get     via: '1.1 varnish',
52 silly get     connection: 'keep-alive',
52 silly get     'x-served-by': 'cache-iad2121-IAD',
52 silly get     'x-cache': 'MISS',
52 silly get     'x-cache-hits': '0',
52 silly get     'x-timer': 'S1513698429.399691,VS0,VE1259',
52 silly get     vary: 'Accept-Encoding' } ]
53 verbose stack Error: Registry returned 404 for GET on https://registry.npmjs.org/angular-toArray
53 verbose stack     at makeError (/Users/justins/.nvm/versions/node/v4.7.2/lib/node_modules/npm/node_modules/npm-registry-client/lib/request.js:302:12)
53 verbose stack     at CachingRegistryClient.<anonymous> (/Users/justins/.nvm/versions/node/v4.7.2/lib/node_modules/npm/node_modules/npm-registry-client/lib/request.js:280:14)
53 verbose stack     at Request._callback (/Users/justins/.nvm/versions/node/v4.7.2/lib/node_modules/npm/node_modules/npm-registry-client/lib/request.js:210:14)
53 verbose stack     at Request.self.callback (/Users/justins/.nvm/versions/node/v4.7.2/lib/node_modules/npm/node_modules/request/request.js:187:22)
53 verbose stack     at emitTwo (events.js:87:13)
53 verbose stack     at Request.emit (events.js:172:7)
53 verbose stack     at Request.<anonymous> (/Users/justins/.nvm/versions/node/v4.7.2/lib/node_modules/npm/node_modules/request/request.js:1044:10)
53 verbose stack     at emitOne (events.js:77:13)
53 verbose stack     at Request.emit (events.js:169:7)
53 verbose stack     at IncomingMessage.<anonymous> (/Users/justins/.nvm/versions/node/v4.7.2/lib/node_modules/npm/node_modules/request/request.js:965:12)
54 verbose statusCode 404
55 verbose pkgid angular-toArray
56 verbose cwd /Users/justins/Documents/Projects/PoolApp
57 error Darwin 16.7.0
58 error argv "/Users/justins/.nvm/versions/node/v4.7.2/bin/node" "/Users/justins/.nvm/versions/node/v4.7.2/bin/npm" "install" "angular-toArray" "--save"
59 error node v4.7.2
60 error npm  v2.15.11
61 error code E404
62 error 404 Registry returned 404 for GET on https://registry.npmjs.org/angular-toArray
62 error 404
62 error 404 'angular-toArray' is not in the npm registry.
62 error 404 Your package name is not valid, because
62 error 404
62 error 404  1. name can no longer contain capital letters
62 error 404 It was specified as a dependency of 'PoolApp'
62 error 404
62 error 404 Note that you can also install from a
62 error 404 tarball, folder, http url, or git url.
63 verbose exit [ 1, true ]
